<?xml version="1.0" encoding="UTF-8"?>
<!-- Generated by org.testng.reporters.JUnitXMLReporter -->
<testsuite ignored="0" hostname="MAGAR" failures="0" tests="3" name="Default test" time="135.258" errors="0" timestamp="2023-10-27T21:46:44 IST">
  <testcase classname="testCases.LoginPageTest" name="LoginToApplicationTest" time="2.258"/>
  <testcase classname="testCases.LoginPageTest" name="verifyTitleOfApplication" time="0.115"/>
  <testcase classname="testCases.LoginPageTest" name="verifyURLOfApplicationTest" time="0.097"/>
</testsuite> <!-- Default test -->
