<?xml version="1.0" encoding="UTF-8"?>
<testng-results ignored="0" total="3" passed="3" failed="0" skipped="0">
  <reporter-output>
  </reporter-output>
  <suite started-at="2023-10-27T21:44:28 IST" name="Default suite" finished-at="2023-10-27T21:46:44 IST" duration-ms="135258">
    <groups>
    </groups>
    <test started-at="2023-10-27T21:44:28 IST" name="Default test" finished-at="2023-10-27T21:46:44 IST" duration-ms="135258">
      <class name="testCases.LoginPageTest">
        <test-method is-config="true" signature="setUp()[pri:0, instance:testCases.LoginPageTest@4d0f2471]" started-at="2023-10-27T21:44:29 IST" name="setUp" finished-at="2023-10-27T21:45:17 IST" duration-ms="48686" status="PASS">
          <reporter-output>
          </reporter-output>
        </test-method> <!-- setUp -->
        <test-method signature="LoginToApplicationTest()[pri:0, instance:testCases.LoginPageTest@4d0f2471]" started-at="2023-10-27T21:45:17 IST" name="LoginToApplicationTest" finished-at="2023-10-27T21:45:19 IST" duration-ms="2258" status="PASS">
          <reporter-output>
          </reporter-output>
        </test-method> <!-- LoginToApplicationTest -->
        <test-method is-config="true" signature="closeBrowser(org.testng.ITestResult)[pri:0, instance:testCases.LoginPageTest@4d0f2471]" started-at="2023-10-27T21:45:19 IST" name="closeBrowser" finished-at="2023-10-27T21:45:21 IST" duration-ms="1607" status="PASS">
          <params>
            <param index="0">
              <value>
                <![CDATA[[TestResult name=LoginToApplicationTest status=SUCCESS method=LoginPageTest.LoginToApplicationTest()[pri:0, instance:testCases.LoginPageTest@4d0f2471] output={null}]]]>
              </value>
            </param>
          </params>
          <reporter-output>
          </reporter-output>
        </test-method> <!-- closeBrowser -->
        <test-method is-config="true" signature="setUp()[pri:0, instance:testCases.LoginPageTest@4d0f2471]" started-at="2023-10-27T21:45:21 IST" name="setUp" finished-at="2023-10-27T21:46:12 IST" duration-ms="50684" status="PASS">
          <reporter-output>
          </reporter-output>
        </test-method> <!-- setUp -->
        <test-method signature="verifyTitleOfApplication()[pri:0, instance:testCases.LoginPageTest@4d0f2471]" started-at="2023-10-27T21:46:12 IST" name="verifyTitleOfApplication" finished-at="2023-10-27T21:46:12 IST" duration-ms="115" status="PASS">
          <reporter-output>
          </reporter-output>
        </test-method> <!-- verifyTitleOfApplication -->
        <test-method is-config="true" signature="closeBrowser(org.testng.ITestResult)[pri:0, instance:testCases.LoginPageTest@4d0f2471]" started-at="2023-10-27T21:46:12 IST" name="closeBrowser" finished-at="2023-10-27T21:46:13 IST" duration-ms="1272" status="PASS">
          <params>
            <param index="0">
              <value>
                <![CDATA[[TestResult name=verifyTitleOfApplication status=SUCCESS method=LoginPageTest.verifyTitleOfApplication()[pri:0, instance:testCases.LoginPageTest@4d0f2471] output={null}]]]>
              </value>
            </param>
          </params>
          <reporter-output>
          </reporter-output>
        </test-method> <!-- closeBrowser -->
        <test-method is-config="true" signature="setUp()[pri:0, instance:testCases.LoginPageTest@4d0f2471]" started-at="2023-10-27T21:46:13 IST" name="setUp" finished-at="2023-10-27T21:46:43 IST" duration-ms="30227" status="PASS">
          <reporter-output>
          </reporter-output>
        </test-method> <!-- setUp -->
        <test-method signature="verifyURLOfApplicationTest()[pri:0, instance:testCases.LoginPageTest@4d0f2471]" started-at="2023-10-27T21:46:43 IST" name="verifyURLOfApplicationTest" finished-at="2023-10-27T21:46:43 IST" duration-ms="97" status="PASS">
          <reporter-output>
          </reporter-output>
        </test-method> <!-- verifyURLOfApplicationTest -->
        <test-method is-config="true" signature="closeBrowser(org.testng.ITestResult)[pri:0, instance:testCases.LoginPageTest@4d0f2471]" started-at="2023-10-27T21:46:43 IST" name="closeBrowser" finished-at="2023-10-27T21:46:44 IST" duration-ms="263" status="PASS">
          <params>
            <param index="0">
              <value>
                <![CDATA[[TestResult name=verifyURLOfApplicationTest status=SUCCESS method=LoginPageTest.verifyURLOfApplicationTest()[pri:0, instance:testCases.LoginPageTest@4d0f2471] output={null}]]]>
              </value>
            </param>
          </params>
          <reporter-output>
          </reporter-output>
        </test-method> <!-- closeBrowser -->
      </class> <!-- testCases.LoginPageTest -->
    </test> <!-- Default test -->
  </suite> <!-- Default suite -->
</testng-results>
